<?xml version='1.0' encoding='UTF-8'?>
<!DOCTYPE coverage SYSTEM 'http://cobertura.sourceforge.net/xml/coverage-04.dtd'>
<coverage line-rate="1.0" branch-rate="1.0" lines-covered="20" lines-valid="20" branches-covered="5" branches-valid="5" complexity="0.0" timestamp="1728062365" version="gcovr 7.2"><sources><source>..</source></sources><packages><package name="app" line-rate="1.0" branch-rate="1.0" complexity="0.0"><classes><class name="main_cpp" filename="app/main.cpp" line-rate="1.0" branch-rate="1.0" complexity="0.0"><methods/><lines><line number="14" hits="1" branch="false"/><line number="16" hits="1" branch="true" condition-coverage="100% (1/1)"><conditions><condition number="0" type="jump" coverage="100%"/></conditions></line><line number="18" hits="1" branch="false"/><line number="19" hits="101" branch="true" condition-coverage="100% (2/2)"><conditions><condition number="0" type="jump" coverage="100%"/></conditions></line><line number="20" hits="100" branch="true" condition-coverage="100% (1/1)"><conditions><condition number="0" type="jump" coverage="100%"/></conditions></line><line number="21" hits="100" branch="true" condition-coverage="100% (1/1)"><conditions><condition number="0" type="jump" coverage="100%"/></conditions></line><line number="22" hits="100" branch="false"/><line number="25" hits="1" branch="false"/></lines></class></classes></package><package name="libs.pid_lib" line-rate="1.0" branch-rate="1.0" complexity="0.0"><classes><class name="src_cpp" filename="libs/pid_lib/src.cpp" line-rate="1.0" branch-rate="1.0" complexity="0.0"><methods/><lines><line number="14" hits="1" branch="false"/><line number="15" hits="1" branch="false"/><line number="16" hits="1" branch="false"/><line number="17" hits="1" branch="false"/><line number="18" hits="1" branch="false"/><line number="19" hits="1" branch="false"/><line number="20" hits="1" branch="false"/><line number="21" hits="1" branch="false"/><line number="22" hits="1" branch="false"/><line number="24" hits="1" branch="false"/><line number="27" hits="100" branch="false"/><line number="55" hits="100" branch="false"/></lines></class></classes></package></packages></coverage>